;  LST file generated by mikroListExporter - v.2.0 
; Date/Time: 5/8/2026 11:55:36 PM
;----------------------------------------------

;Address Opcode 	ASM
0x0000	0x2803      	GOTO       3
_main:
;DC_Motor.c,1 :: 		void main() {
;DC_Motor.c,3 :: 		TRISB.F0 = 0; // RB0 as Output (connected to L293D IN1)
0x0003	0x1683      	BSF        STATUS, 5
0x0004	0x1303      	BCF        STATUS, 6
0x0005	0x1006      	BCF        TRISB, 0
;DC_Motor.c,4 :: 		TRISB.F1 = 0; // RB1 as Output (connected to L293D IN2)
0x0006	0x1086      	BCF        TRISB, 1
;DC_Motor.c,5 :: 		TRISB.F2 = 0; // RB2 as Output (connected to L293D EN1)
0x0007	0x1106      	BCF        TRISB, 2
;DC_Motor.c,6 :: 		TRISD.F0 = 1; // RD0 as Input  (connected to Button)
0x0008	0x1408      	BSF        TRISD, 0
;DC_Motor.c,8 :: 		PORTB.F0 = 1; // IN1 = High
0x0009	0x1283      	BCF        STATUS, 5
0x000A	0x1406      	BSF        PORTB, 0
;DC_Motor.c,9 :: 		PORTB.F1 = 0; // IN2 = Low
0x000B	0x1086      	BCF        PORTB, 1
;DC_Motor.c,11 :: 		PORTB.F2 = 0; // EN1 = Low
0x000C	0x1106      	BCF        PORTB, 2
;DC_Motor.c,12 :: 		while(1) {
L_main0:
;DC_Motor.c,14 :: 		if (PORTD.F0 == 1) {
0x000D	0x1C08      	BTFSS      PORTD, 0
0x000E	0x2811      	GOTO       L_main2
;DC_Motor.c,15 :: 		PORTB.F2 = 1; // Motor ON (Enable High)
0x000F	0x1506      	BSF        PORTB, 2
;DC_Motor.c,16 :: 		}
0x0010	0x2812      	GOTO       L_main3
L_main2:
;DC_Motor.c,18 :: 		PORTB.F2 = 0; // Motor OFF (Enable Low)
0x0011	0x1106      	BCF        PORTB, 2
;DC_Motor.c,19 :: 		}
L_main3:
;DC_Motor.c,20 :: 		}
0x0012	0x280D      	GOTO       L_main0
;DC_Motor.c,21 :: 		}
L_end_main:
0x0013	0x2813      	GOTO       $+0
; end of _main
Symbol List:
//** Routines locations **
//ADDRESS    SIZE    PROCEDURE
//----------------------------------------------
0x0003      [17]    _main
//** Variables locations ** 
//ADDRESS    SIZE    VARIABLE
//----------------------------------------------
0x0000       [1]    INDF
0x0003       [1]    STATUS
0x0004       [1]    FSR
0x0006       [1]    PORTB
0x0008       [1]    PORTD
0x000A       [1]    PCLATH
0x0020       [2]    ___DoICPAddr
0x0070       [1]    R0
0x0071       [1]    R1
0x0072       [1]    R2
0x0073       [1]    R3
0x0074       [1]    R4
0x0075       [1]    R5
0x0076       [1]    R6
0x0077       [1]    R7
0x0078       [1]    R8
0x0079       [1]    R9
0x007A       [1]    R10
0x007B       [1]    R11
0x007C       [1]    R12
0x007D       [1]    R13
0x007E       [1]    R14
0x007F       [1]    R15
0x0086       [1]    TRISB
0x0088       [1]    TRISD
