;  LST file generated by mikroListExporter - v.2.0 
; Date/Time: 5/8/2026 10:33:23 PM
;----------------------------------------------

;Address Opcode 	ASM
0x0000	0x2843      	GOTO       67
_____DoICP:
;__Lib_System.c,6 :: 		
;__Lib_System.c,9 :: 		
0x0003	0x1283      	BCF        STATUS, 5
0x0004	0x1303      	BCF        STATUS, 6
0x0005	0x082B      	MOVF       ___DoICPAddr+1, 0
0x0006	0x008A      	MOVWF      PCLATH
;__Lib_System.c,10 :: 		
0x0007	0x082A      	MOVF       ___DoICPAddr, 0
0x0008	0x0082      	MOVWF      PCL
;__Lib_System.c,12 :: 		
L_end_____DoICP:
0x0009	0x0008      	RETURN
; end of _____DoICP
___CC2DW:
;__Lib_System.c,134 :: 		
;__Lib_System.c,137 :: 		
_CC2D_Loop1:
;__Lib_System.c,139 :: 		
0x000A	0x2003      	CALL       _____DoICP
0x000B	0x118A      	BCF        PCLATH, 3
0x000C	0x120A      	BCF        PCLATH, 4
;__Lib_System.c,141 :: 		
0x000D	0x0080      	MOVWF      INDF
;__Lib_System.c,142 :: 		
0x000E	0x0A84      	INCF       FSR, 1
;__Lib_System.c,143 :: 		
0x000F	0x0AAA      	INCF       ___DoICPAddr, 1
;__Lib_System.c,145 :: 		
0x0010	0x1903      	BTFSC      STATUS, 2
;__Lib_System.c,146 :: 		
0x0011	0x0AAB      	INCF       ___DoICPAddr+1, 1
;__Lib_System.c,147 :: 		
0x0012	0x03F0      	DECF       R0, 1
;__Lib_System.c,149 :: 		
0x0013	0x1D03      	BTFSS      STATUS, 2
;__Lib_System.c,150 :: 		
0x0014	0x280A      	GOTO       _CC2D_Loop1
;__Lib_System.c,152 :: 		
L_end___CC2DW:
0x0015	0x0008      	RETURN
; end of ___CC2DW
_EEPROM_Write:
;__Lib_EEPROM.c,16 :: 		
;__Lib_EEPROM.c,20 :: 		
L_EEPROM_Write0:
0x0016	0x1683      	BSF        STATUS, 5
0x0017	0x1703      	BSF        STATUS, 6
0x0018	0x1C8C      	BTFSS      EECON1, 1
0x0019	0x281C      	GOTO       L_EEPROM_Write1
0x001A	0x0000      	NOP
0x001B	0x2816      	GOTO       L_EEPROM_Write0
L_EEPROM_Write1:
;__Lib_EEPROM.c,21 :: 		
0x001C	0x1283      	BCF        STATUS, 5
0x001D	0x1303      	BCF        STATUS, 6
0x001E	0x082E      	MOVF       FARG_EEPROM_Write_Address, 0
0x001F	0x1703      	BSF        STATUS, 6
0x0020	0x008D      	MOVWF      EEADR
;__Lib_EEPROM.c,22 :: 		
0x0021	0x1303      	BCF        STATUS, 6
0x0022	0x082F      	MOVF       FARG_EEPROM_Write_data_, 0
0x0023	0x1703      	BSF        STATUS, 6
0x0024	0x008C      	MOVWF      EEDATA
;__Lib_EEPROM.c,23 :: 		
0x0025	0x1683      	BSF        STATUS, 5
0x0026	0x138C      	BCF        EECON1, 7
;__Lib_EEPROM.c,24 :: 		
0x0027	0x150C      	BSF        EECON1, 2
;__Lib_EEPROM.c,26 :: 		
0x0028	0x080B      	MOVF       INTCON, 0
0x0029	0x00F0      	MOVWF      R0
;__Lib_EEPROM.c,29 :: 		
0x002A	0x138B      	BCF        INTCON, 7
;__Lib_EEPROM.c,30 :: 		
0x002B	0x3055      	MOVLW      85
0x002C	0x008D      	MOVWF      EECON2
;__Lib_EEPROM.c,31 :: 		
0x002D	0x30AA      	MOVLW      170
0x002E	0x008D      	MOVWF      EECON2
;__Lib_EEPROM.c,32 :: 		
0x002F	0x148C      	BSF        EECON1, 1
;__Lib_EEPROM.c,36 :: 		
0x0030	0x1BF0      	BTFSC      R0, 7
0x0031	0x2834      	GOTO       L__EEPROM_Write4
0x0032	0x138B      	BCF        INTCON, 7
0x0033	0x2835      	GOTO       L__EEPROM_Write5
L__EEPROM_Write4:
0x0034	0x178B      	BSF        INTCON, 7
L__EEPROM_Write5:
;__Lib_EEPROM.c,37 :: 		
0x0035	0x110C      	BCF        EECON1, 2
;__Lib_EEPROM.c,38 :: 		
L_end_EEPROM_Write:
0x0036	0x0008      	RETURN
; end of _EEPROM_Write
_EEPROM_Read:
;__Lib_EEPROM.c,4 :: 		
;__Lib_EEPROM.c,5 :: 		
0x0037	0x1283      	BCF        STATUS, 5
0x0038	0x1303      	BCF        STATUS, 6
0x0039	0x082E      	MOVF       FARG_EEPROM_Read_Address, 0
0x003A	0x1703      	BSF        STATUS, 6
0x003B	0x008D      	MOVWF      EEADR
;__Lib_EEPROM.c,6 :: 		
0x003C	0x1683      	BSF        STATUS, 5
0x003D	0x138C      	BCF        EECON1, 7
;__Lib_EEPROM.c,12 :: 		
0x003E	0x140C      	BSF        EECON1, 0
;__Lib_EEPROM.c,13 :: 		
0x003F	0x1283      	BCF        STATUS, 5
0x0040	0x080C      	MOVF       EEDATA, 0
0x0041	0x00F0      	MOVWF      R0
;__Lib_EEPROM.c,14 :: 		
L_end_EEPROM_Read:
0x0042	0x0008      	RETURN
; end of _EEPROM_Read
_main:
0x0043	0x30C0      	MOVLW      192
0x0044	0x1283      	BCF        STATUS, 5
0x0045	0x1303      	BCF        STATUS, 6
0x0046	0x00A0      	MOVWF      _arr
0x0047	0x30F9      	MOVLW      249
0x0048	0x00A1      	MOVWF      33
0x0049	0x30A4      	MOVLW      164
0x004A	0x00A2      	MOVWF      34
0x004B	0x30B0      	MOVLW      176
0x004C	0x00A3      	MOVWF      35
0x004D	0x3099      	MOVLW      153
0x004E	0x00A4      	MOVWF      36
0x004F	0x3092      	MOVLW      146
0x0050	0x00A5      	MOVWF      37
0x0051	0x3082      	MOVLW      130
0x0052	0x00A6      	MOVWF      38
0x0053	0x30F8      	MOVLW      248
0x0054	0x00A7      	MOVWF      39
0x0055	0x3080      	MOVLW      128
0x0056	0x00A8      	MOVWF      40
0x0057	0x3090      	MOVLW      144
0x0058	0x00A9      	MOVWF      41
;EEPROM.c,3 :: 		void main() {
;EEPROM.c,4 :: 		TRISB = 0x00;
0x0059	0x1683      	BSF        STATUS, 5
0x005A	0x0186      	CLRF       TRISB
;EEPROM.c,5 :: 		PORTB = 0xFF;
0x005B	0x30FF      	MOVLW      255
0x005C	0x1283      	BCF        STATUS, 5
0x005D	0x0086      	MOVWF      PORTB
;EEPROM.c,7 :: 		i = EEPROM_Read(0x00);
0x005E	0x01AE      	CLRF       FARG_EEPROM_Read_Address
0x005F	0x2037      	CALL       _EEPROM_Read
0x0060	0x0870      	MOVF       R0, 0
0x0061	0x1303      	BCF        STATUS, 6
0x0062	0x00AC      	MOVWF      _i
0x0063	0x01AD      	CLRF       _i+1
;EEPROM.c,8 :: 		if(i > 9 || i < 0) i = 0;
0x0064	0x3080      	MOVLW      128
0x0065	0x00F0      	MOVWF      R0
0x0066	0x3080      	MOVLW      128
0x0067	0x062D      	XORWF      _i+1, 0
0x0068	0x0270      	SUBWF      R0, 0
0x0069	0x1D03      	BTFSS      STATUS, 2
0x006A	0x286D      	GOTO       L__main11
0x006B	0x082C      	MOVF       _i, 0
0x006C	0x3C09      	SUBLW      9
L__main11:
0x006D	0x1C03      	BTFSS      STATUS, 0
0x006E	0x287B      	GOTO       L__main9
0x006F	0x3080      	MOVLW      128
0x0070	0x062D      	XORWF      _i+1, 0
0x0071	0x00F0      	MOVWF      R0
0x0072	0x3080      	MOVLW      128
0x0073	0x0270      	SUBWF      R0, 0
0x0074	0x1D03      	BTFSS      STATUS, 2
0x0075	0x2878      	GOTO       L__main12
0x0076	0x3000      	MOVLW      0
0x0077	0x022C      	SUBWF      _i, 0
L__main12:
0x0078	0x1C03      	BTFSS      STATUS, 0
0x0079	0x287B      	GOTO       L__main9
0x007A	0x287D      	GOTO       L_main2
L__main9:
0x007B	0x01AC      	CLRF       _i
0x007C	0x01AD      	CLRF       _i+1
L_main2:
;EEPROM.c,10 :: 		while(1)
L_main3:
;EEPROM.c,12 :: 		for(; i < 10; i++)
L_main5:
0x007D	0x3080      	MOVLW      128
0x007E	0x062D      	XORWF      _i+1, 0
0x007F	0x00F0      	MOVWF      R0
0x0080	0x3080      	MOVLW      128
0x0081	0x0270      	SUBWF      R0, 0
0x0082	0x1D03      	BTFSS      STATUS, 2
0x0083	0x2886      	GOTO       L__main13
0x0084	0x300A      	MOVLW      10
0x0085	0x022C      	SUBWF      _i, 0
L__main13:
0x0086	0x1803      	BTFSC      STATUS, 0
0x0087	0x28A4      	GOTO       L_main6
;EEPROM.c,14 :: 		PORTB = arr[i];
0x0088	0x082C      	MOVF       _i, 0
0x0089	0x3E20      	ADDLW      _arr
0x008A	0x0084      	MOVWF      FSR
0x008B	0x0800      	MOVF       INDF, 0
0x008C	0x0086      	MOVWF      PORTB
;EEPROM.c,15 :: 		EEPROM_Write(0x00, i);
0x008D	0x01AE      	CLRF       FARG_EEPROM_Write_Address
0x008E	0x082C      	MOVF       _i, 0
0x008F	0x00AF      	MOVWF      FARG_EEPROM_Write_data_
0x0090	0x2016      	CALL       _EEPROM_Write
;EEPROM.c,16 :: 		delay_ms(100);
0x0091	0x3002      	MOVLW      2
0x0092	0x00FB      	MOVWF      R11
0x0093	0x3004      	MOVLW      4
0x0094	0x00FC      	MOVWF      R12
0x0095	0x30BA      	MOVLW      186
0x0096	0x00FD      	MOVWF      R13
L_main8:
0x0097	0x0BFD      	DECFSZ     R13, 1
0x0098	0x2897      	GOTO       L_main8
0x0099	0x0BFC      	DECFSZ     R12, 1
0x009A	0x2897      	GOTO       L_main8
0x009B	0x0BFB      	DECFSZ     R11, 1
0x009C	0x2897      	GOTO       L_main8
0x009D	0x0000      	NOP
;EEPROM.c,12 :: 		for(; i < 10; i++)
0x009E	0x1283      	BCF        STATUS, 5
0x009F	0x1303      	BCF        STATUS, 6
0x00A0	0x0AAC      	INCF       _i, 1
0x00A1	0x1903      	BTFSC      STATUS, 2
0x00A2	0x0AAD      	INCF       _i+1, 1
;EEPROM.c,17 :: 		}
0x00A3	0x287D      	GOTO       L_main5
L_main6:
;EEPROM.c,18 :: 		i = 0;
0x00A4	0x01AC      	CLRF       _i
0x00A5	0x01AD      	CLRF       _i+1
;EEPROM.c,19 :: 		}
0x00A6	0x287D      	GOTO       L_main3
;EEPROM.c,20 :: 		}
L_end_main:
0x00A7	0x28A7      	GOTO       $+0
; end of _main
Symbol List:
//** Routines locations **
//ADDRESS    SIZE    PROCEDURE
//----------------------------------------------
0x0003       [7]    _____DoICP
0x000A      [12]    ___CC2DW
0x0016      [33]    _EEPROM_Write
0x0037      [12]    _EEPROM_Read
0x0043     [101]    _main
//** Variables locations ** 
//ADDRESS    SIZE    VARIABLE
//----------------------------------------------
0x0000       [1]    INDF
0x0002       [1]    PCL
0x0003       [1]    STATUS
0x0004       [1]    FSR
0x0006       [1]    PORTB
0x000A       [1]    PCLATH
0x000B       [1]    INTCON
0x0020      [10]    _arr
0x002A       [2]    ___DoICPAddr
0x002C       [2]    _i
0x002E       [1]    FARG_EEPROM_Write_Address
0x002E       [1]    FARG_EEPROM_Read_Address
0x002F       [1]    FARG_EEPROM_Write_data_
0x0070       [1]    R0
0x0071       [1]    R1
0x0072       [1]    R2
0x0073       [1]    R3
0x0074       [1]    R4
0x0075       [1]    R5
0x0076       [1]    R6
0x0077       [1]    R7
0x0078       [1]    R8
0x0079       [1]    R9
0x007A       [1]    R10
0x007B       [1]    R11
0x007C       [1]    R12
0x007D       [1]    R13
0x007E       [1]    R14
0x007F       [1]    R15
0x0086       [1]    TRISB
0x010C       [1]    EEDATA
0x010D       [1]    EEADR
0x018C       [1]    EECON1
0x018D       [1]    EECON2
