;  LST file generated by mikroListExporter - v.2.0 
; Date/Time: 5/9/2026 10:11:47 PM
;----------------------------------------------

;Address Opcode 	ASM
0x0000	0x2903      	GOTO       259
_Delay_50us:
;__Lib_Delays.c,19 :: 		void Delay_50us() {
;__Lib_Delays.c,20 :: 		Delay_us(50);
0x0003	0x3021      	MOVLW      33
0x0004	0x1283      	BCF        STATUS, 5
0x0005	0x1303      	BCF        STATUS, 6
0x0006	0x00FD      	MOVWF      R13
L_Delay_50us2:
0x0007	0x0BFD      	DECFSZ     R13, 1
0x0008	0x2807      	GOTO       L_Delay_50us2
;__Lib_Delays.c,21 :: 		}
L_end_Delay_50us:
0x0009	0x0008      	RETURN
; end of _Delay_50us
_Delay_5500us:
;__Lib_Delays.c,31 :: 		void Delay_5500us() {
;__Lib_Delays.c,32 :: 		Delay_us(5500);
0x000A	0x300F      	MOVLW      15
0x000B	0x1283      	BCF        STATUS, 5
0x000C	0x1303      	BCF        STATUS, 6
0x000D	0x00FC      	MOVWF      R12
0x000E	0x3047      	MOVLW      71
0x000F	0x00FD      	MOVWF      R13
L_Delay_5500us5:
0x0010	0x0BFD      	DECFSZ     R13, 1
0x0011	0x2810      	GOTO       L_Delay_5500us5
0x0012	0x0BFC      	DECFSZ     R12, 1
0x0013	0x2810      	GOTO       L_Delay_5500us5
0x0014	0x0000      	NOP
0x0015	0x0000      	NOP
;__Lib_Delays.c,33 :: 		}
L_end_Delay_5500us:
0x0016	0x0008      	RETURN
; end of _Delay_5500us
_Delay_1us:
;__Lib_Delays.c,7 :: 		void Delay_1us() {
;__Lib_Delays.c,8 :: 		Delay_us(1);
0x0017	0x0000      	NOP
0x0018	0x0000      	NOP
;__Lib_Delays.c,9 :: 		}
L_end_Delay_1us:
0x0019	0x0008      	RETURN
; end of _Delay_1us
_Lcd_Cmd:
;__Lib_Lcd.c,18 :: 		
;__Lib_Lcd.c,20 :: 		
0x001A	0x1283      	BCF        STATUS, 5
0x001B	0x1303      	BCF        STATUS, 6
0x001C	0x1BE3      	BTFSC      FARG_Lcd_Cmd_out_char, 7
0x001D	0x2820      	GOTO       L__Lcd_Cmd21
0x001E	0x1286      	BCF        LCD_D7, BitPos(LCD_D7+0)
0x001F	0x2821      	GOTO       L__Lcd_Cmd22
L__Lcd_Cmd21:
0x0020	0x1686      	BSF        LCD_D7, BitPos(LCD_D7+0)
L__Lcd_Cmd22:
;__Lib_Lcd.c,21 :: 		
0x0021	0x1B63      	BTFSC      FARG_Lcd_Cmd_out_char, 6
0x0022	0x2825      	GOTO       L__Lcd_Cmd23
0x0023	0x1206      	BCF        LCD_D6, BitPos(LCD_D6+0)
0x0024	0x2826      	GOTO       L__Lcd_Cmd24
L__Lcd_Cmd23:
0x0025	0x1606      	BSF        LCD_D6, BitPos(LCD_D6+0)
L__Lcd_Cmd24:
;__Lib_Lcd.c,22 :: 		
0x0026	0x1AE3      	BTFSC      FARG_Lcd_Cmd_out_char, 5
0x0027	0x282A      	GOTO       L__Lcd_Cmd25
0x0028	0x1186      	BCF        LCD_D5, BitPos(LCD_D5+0)
0x0029	0x282B      	GOTO       L__Lcd_Cmd26
L__Lcd_Cmd25:
0x002A	0x1586      	BSF        LCD_D5, BitPos(LCD_D5+0)
L__Lcd_Cmd26:
;__Lib_Lcd.c,23 :: 		
0x002B	0x1A63      	BTFSC      FARG_Lcd_Cmd_out_char, 4
0x002C	0x282F      	GOTO       L__Lcd_Cmd27
0x002D	0x1106      	BCF        LCD_D4, BitPos(LCD_D4+0)
0x002E	0x2830      	GOTO       L__Lcd_Cmd28
L__Lcd_Cmd27:
0x002F	0x1506      	BSF        LCD_D4, BitPos(LCD_D4+0)
L__Lcd_Cmd28:
;__Lib_Lcd.c,25 :: 		
0x0030	0x185D      	BTFSC      __Lib_Lcd_cmd_status, BitPos(__Lib_Lcd_cmd_status+0)
0x0031	0x2834      	GOTO       L__Lcd_Cmd29
0x0032	0x1406      	BSF        LCD_RS, BitPos(LCD_RS+0)
0x0033	0x2835      	GOTO       L__Lcd_Cmd30
L__Lcd_Cmd29:
0x0034	0x1006      	BCF        LCD_RS, BitPos(LCD_RS+0)
L__Lcd_Cmd30:
;__Lib_Lcd.c,28 :: 		
0x0035	0x1486      	BSF        LCD_EN, BitPos(LCD_EN+0)
;__Lib_Lcd.c,29 :: 		
0x0036	0x2017      	CALL       _Delay_1us
;__Lib_Lcd.c,30 :: 		
0x0037	0x1086      	BCF        LCD_EN, BitPos(LCD_EN+0)
;__Lib_Lcd.c,33 :: 		
0x0038	0x19E3      	BTFSC      FARG_Lcd_Cmd_out_char, 3
0x0039	0x283C      	GOTO       L__Lcd_Cmd31
0x003A	0x1286      	BCF        LCD_D7, BitPos(LCD_D7+0)
0x003B	0x283D      	GOTO       L__Lcd_Cmd32
L__Lcd_Cmd31:
0x003C	0x1686      	BSF        LCD_D7, BitPos(LCD_D7+0)
L__Lcd_Cmd32:
;__Lib_Lcd.c,34 :: 		
0x003D	0x1963      	BTFSC      FARG_Lcd_Cmd_out_char, 2
0x003E	0x2841      	GOTO       L__Lcd_Cmd33
0x003F	0x1206      	BCF        LCD_D6, BitPos(LCD_D6+0)
0x0040	0x2842      	GOTO       L__Lcd_Cmd34
L__Lcd_Cmd33:
0x0041	0x1606      	BSF        LCD_D6, BitPos(LCD_D6+0)
L__Lcd_Cmd34:
;__Lib_Lcd.c,35 :: 		
0x0042	0x18E3      	BTFSC      FARG_Lcd_Cmd_out_char, 1
0x0043	0x2846      	GOTO       L__Lcd_Cmd35
0x0044	0x1186      	BCF        LCD_D5, BitPos(LCD_D5+0)
0x0045	0x2847      	GOTO       L__Lcd_Cmd36
L__Lcd_Cmd35:
0x0046	0x1586      	BSF        LCD_D5, BitPos(LCD_D5+0)
L__Lcd_Cmd36:
;__Lib_Lcd.c,36 :: 		
0x0047	0x1863      	BTFSC      FARG_Lcd_Cmd_out_char, 0
0x0048	0x284B      	GOTO       L__Lcd_Cmd37
0x0049	0x1106      	BCF        LCD_D4, BitPos(LCD_D4+0)
0x004A	0x284C      	GOTO       L__Lcd_Cmd38
L__Lcd_Cmd37:
0x004B	0x1506      	BSF        LCD_D4, BitPos(LCD_D4+0)
L__Lcd_Cmd38:
;__Lib_Lcd.c,38 :: 		
0x004C	0x185D      	BTFSC      __Lib_Lcd_cmd_status, BitPos(__Lib_Lcd_cmd_status+0)
0x004D	0x2850      	GOTO       L__Lcd_Cmd39
0x004E	0x1406      	BSF        LCD_RS, BitPos(LCD_RS+0)
0x004F	0x2851      	GOTO       L__Lcd_Cmd40
L__Lcd_Cmd39:
0x0050	0x1006      	BCF        LCD_RS, BitPos(LCD_RS+0)
L__Lcd_Cmd40:
;__Lib_Lcd.c,40 :: 		
0x0051	0x1486      	BSF        LCD_EN, BitPos(LCD_EN+0)
;__Lib_Lcd.c,41 :: 		
0x0052	0x2017      	CALL       _Delay_1us
;__Lib_Lcd.c,42 :: 		
0x0053	0x1086      	BCF        LCD_EN, BitPos(LCD_EN+0)
;__Lib_Lcd.c,44 :: 		
0x0054	0x1C5D      	BTFSS      __Lib_Lcd_cmd_status, BitPos(__Lib_Lcd_cmd_status+0)
0x0055	0x2858      	GOTO       L_Lcd_Cmd0
;__Lib_Lcd.c,45 :: 		
0x0056	0x200A      	CALL       _Delay_5500us
0x0057	0x2859      	GOTO       L_Lcd_Cmd1
L_Lcd_Cmd0:
;__Lib_Lcd.c,47 :: 		
0x0058	0x2003      	CALL       _Delay_50us
L_Lcd_Cmd1:
;__Lib_Lcd.c,48 :: 		
L_end_Lcd_Cmd:
0x0059	0x0008      	RETURN
; end of _Lcd_Cmd
_____DoICP:
;__Lib_System.c,6 :: 		
;__Lib_System.c,9 :: 		
0x005A	0x1283      	BCF        STATUS, 5
0x005B	0x1303      	BCF        STATUS, 6
0x005C	0x085C      	MOVF       ___DoICPAddr+1, 0
0x005D	0x008A      	MOVWF      PCLATH
;__Lib_System.c,10 :: 		
0x005E	0x085B      	MOVF       ___DoICPAddr, 0
0x005F	0x0082      	MOVWF      PCL
;__Lib_System.c,12 :: 		
L_end_____DoICP:
0x0060	0x0008      	RETURN
; end of _____DoICP
_Lcd_Chr_CP:
;__Lib_Lcd.c,50 :: 		
;__Lib_Lcd.c,52 :: 		
0x0061	0x1283      	BCF        STATUS, 5
0x0062	0x1303      	BCF        STATUS, 6
0x0063	0x105D      	BCF        __Lib_Lcd_cmd_status, BitPos(__Lib_Lcd_cmd_status+0)
;__Lib_Lcd.c,53 :: 		
0x0064	0x0862      	MOVF       FARG_Lcd_Chr_CP_out_char, 0
0x0065	0x00E3      	MOVWF      FARG_Lcd_Cmd_out_char
0x0066	0x201A      	CALL       _Lcd_Cmd
;__Lib_Lcd.c,54 :: 		
0x0067	0x145D      	BSF        __Lib_Lcd_cmd_status, BitPos(__Lib_Lcd_cmd_status+0)
;__Lib_Lcd.c,55 :: 		
L_end_Lcd_Chr_CP:
0x0068	0x0008      	RETURN
; end of _Lcd_Chr_CP
_Lcd_Init:
;__Lib_Lcd.c,84 :: 		
;__Lib_Lcd.c,86 :: 		
0x0069	0x1683      	BSF        STATUS, 5
0x006A	0x1303      	BCF        STATUS, 6
0x006B	0x1086      	BCF        LCD_EN_Direction, BitPos(LCD_EN_Direction+0)
;__Lib_Lcd.c,87 :: 		
0x006C	0x1006      	BCF        LCD_RS_Direction, BitPos(LCD_RS_Direction+0)
;__Lib_Lcd.c,88 :: 		
0x006D	0x1106      	BCF        LCD_D4_Direction, BitPos(LCD_D4_Direction+0)
;__Lib_Lcd.c,89 :: 		
0x006E	0x1186      	BCF        LCD_D5_Direction, BitPos(LCD_D5_Direction+0)
;__Lib_Lcd.c,90 :: 		
0x006F	0x1206      	BCF        LCD_D6_Direction, BitPos(LCD_D6_Direction+0)
;__Lib_Lcd.c,91 :: 		
0x0070	0x1286      	BCF        LCD_D7_Direction, BitPos(LCD_D7_Direction+0)
;__Lib_Lcd.c,93 :: 		
0x0071	0x1283      	BCF        STATUS, 5
0x0072	0x1086      	BCF        LCD_EN, BitPos(LCD_EN+0)
;__Lib_Lcd.c,94 :: 		
0x0073	0x1006      	BCF        LCD_RS, BitPos(LCD_RS+0)
;__Lib_Lcd.c,95 :: 		
0x0074	0x1286      	BCF        LCD_D7, BitPos(LCD_D7+0)
;__Lib_Lcd.c,96 :: 		
0x0075	0x1206      	BCF        LCD_D6, BitPos(LCD_D6+0)
;__Lib_Lcd.c,97 :: 		
0x0076	0x1186      	BCF        LCD_D5, BitPos(LCD_D5+0)
;__Lib_Lcd.c,98 :: 		
0x0077	0x1106      	BCF        LCD_D4, BitPos(LCD_D4+0)
;__Lib_Lcd.c,100 :: 		
0x0078	0x200A      	CALL       _Delay_5500us
;__Lib_Lcd.c,101 :: 		
0x0079	0x200A      	CALL       _Delay_5500us
;__Lib_Lcd.c,102 :: 		
0x007A	0x200A      	CALL       _Delay_5500us
;__Lib_Lcd.c,105 :: 		
0x007B	0x1586      	BSF        LCD_D5, BitPos(LCD_D5+0)
;__Lib_Lcd.c,106 :: 		
0x007C	0x1506      	BSF        LCD_D4, BitPos(LCD_D4+0)
;__Lib_Lcd.c,107 :: 		
0x007D	0x1486      	BSF        LCD_EN, BitPos(LCD_EN+0)
;__Lib_Lcd.c,108 :: 		
0x007E	0x2017      	CALL       _Delay_1us
;__Lib_Lcd.c,109 :: 		
0x007F	0x1086      	BCF        LCD_EN, BitPos(LCD_EN+0)
;__Lib_Lcd.c,110 :: 		
0x0080	0x200A      	CALL       _Delay_5500us
;__Lib_Lcd.c,112 :: 		
0x0081	0x1486      	BSF        LCD_EN, BitPos(LCD_EN+0)
;__Lib_Lcd.c,113 :: 		
0x0082	0x2017      	CALL       _Delay_1us
;__Lib_Lcd.c,114 :: 		
0x0083	0x1086      	BCF        LCD_EN, BitPos(LCD_EN+0)
;__Lib_Lcd.c,115 :: 		
0x0084	0x200A      	CALL       _Delay_5500us
;__Lib_Lcd.c,117 :: 		
0x0085	0x1486      	BSF        LCD_EN, BitPos(LCD_EN+0)
;__Lib_Lcd.c,118 :: 		
0x0086	0x2017      	CALL       _Delay_1us
;__Lib_Lcd.c,119 :: 		
0x0087	0x1086      	BCF        LCD_EN, BitPos(LCD_EN+0)
;__Lib_Lcd.c,120 :: 		
0x0088	0x200A      	CALL       _Delay_5500us
;__Lib_Lcd.c,123 :: 		
0x0089	0x1106      	BCF        LCD_D4, BitPos(LCD_D4+0)
;__Lib_Lcd.c,124 :: 		
0x008A	0x1486      	BSF        LCD_EN, BitPos(LCD_EN+0)
;__Lib_Lcd.c,125 :: 		
0x008B	0x2017      	CALL       _Delay_1us
;__Lib_Lcd.c,126 :: 		
0x008C	0x1086      	BCF        LCD_EN, BitPos(LCD_EN+0)
;__Lib_Lcd.c,127 :: 		
0x008D	0x200A      	CALL       _Delay_5500us
;__Lib_Lcd.c,130 :: 		
0x008E	0x1486      	BSF        LCD_EN, BitPos(LCD_EN+0)
;__Lib_Lcd.c,131 :: 		
0x008F	0x2017      	CALL       _Delay_1us
;__Lib_Lcd.c,132 :: 		
0x0090	0x1086      	BCF        LCD_EN, BitPos(LCD_EN+0)
;__Lib_Lcd.c,134 :: 		
0x0091	0x1186      	BCF        LCD_D5, BitPos(LCD_D5+0)
;__Lib_Lcd.c,135 :: 		
0x0092	0x1686      	BSF        LCD_D7, BitPos(LCD_D7+0)
;__Lib_Lcd.c,136 :: 		
0x0093	0x1486      	BSF        LCD_EN, BitPos(LCD_EN+0)
;__Lib_Lcd.c,137 :: 		
0x0094	0x2017      	CALL       _Delay_1us
;__Lib_Lcd.c,138 :: 		
0x0095	0x1086      	BCF        LCD_EN, BitPos(LCD_EN+0)
;__Lib_Lcd.c,139 :: 		
0x0096	0x200A      	CALL       _Delay_5500us
;__Lib_Lcd.c,142 :: 		
0x0097	0x1286      	BCF        LCD_D7, BitPos(LCD_D7+0)
;__Lib_Lcd.c,143 :: 		
0x0098	0x1506      	BSF        LCD_D4, BitPos(LCD_D4+0)
;__Lib_Lcd.c,144 :: 		
0x0099	0x1486      	BSF        LCD_EN, BitPos(LCD_EN+0)
;__Lib_Lcd.c,145 :: 		
0x009A	0x2017      	CALL       _Delay_1us
;__Lib_Lcd.c,146 :: 		
0x009B	0x1086      	BCF        LCD_EN, BitPos(LCD_EN+0)
;__Lib_Lcd.c,148 :: 		
0x009C	0x1106      	BCF        LCD_D4, BitPos(LCD_D4+0)
;__Lib_Lcd.c,149 :: 		
0x009D	0x1486      	BSF        LCD_EN, BitPos(LCD_EN+0)
;__Lib_Lcd.c,150 :: 		
0x009E	0x2017      	CALL       _Delay_1us
;__Lib_Lcd.c,151 :: 		
0x009F	0x1086      	BCF        LCD_EN, BitPos(LCD_EN+0)
;__Lib_Lcd.c,152 :: 		
0x00A0	0x200A      	CALL       _Delay_5500us
;__Lib_Lcd.c,155 :: 		
0x00A1	0x1486      	BSF        LCD_EN, BitPos(LCD_EN+0)
;__Lib_Lcd.c,156 :: 		
0x00A2	0x2017      	CALL       _Delay_1us
;__Lib_Lcd.c,157 :: 		
0x00A3	0x1086      	BCF        LCD_EN, BitPos(LCD_EN+0)
;__Lib_Lcd.c,159 :: 		
0x00A4	0x1506      	BSF        LCD_D4, BitPos(LCD_D4+0)
;__Lib_Lcd.c,160 :: 		
0x00A5	0x1486      	BSF        LCD_EN, BitPos(LCD_EN+0)
;__Lib_Lcd.c,161 :: 		
0x00A6	0x2017      	CALL       _Delay_1us
;__Lib_Lcd.c,162 :: 		
0x00A7	0x1086      	BCF        LCD_EN, BitPos(LCD_EN+0)
;__Lib_Lcd.c,163 :: 		
0x00A8	0x200A      	CALL       _Delay_5500us
;__Lib_Lcd.c,166 :: 		
0x00A9	0x1106      	BCF        LCD_D4, BitPos(LCD_D4+0)
;__Lib_Lcd.c,167 :: 		
0x00AA	0x1486      	BSF        LCD_EN, BitPos(LCD_EN+0)
;__Lib_Lcd.c,168 :: 		
0x00AB	0x2017      	CALL       _Delay_1us
;__Lib_Lcd.c,169 :: 		
0x00AC	0x1086      	BCF        LCD_EN, BitPos(LCD_EN+0)
;__Lib_Lcd.c,171 :: 		
0x00AD	0x1686      	BSF        LCD_D7, BitPos(LCD_D7+0)
;__Lib_Lcd.c,172 :: 		
0x00AE	0x1606      	BSF        LCD_D6, BitPos(LCD_D6+0)
;__Lib_Lcd.c,173 :: 		
0x00AF	0x1586      	BSF        LCD_D5, BitPos(LCD_D5+0)
;__Lib_Lcd.c,174 :: 		
0x00B0	0x1506      	BSF        LCD_D4, BitPos(LCD_D4+0)
;__Lib_Lcd.c,175 :: 		
0x00B1	0x1486      	BSF        LCD_EN, BitPos(LCD_EN+0)
;__Lib_Lcd.c,176 :: 		
0x00B2	0x2017      	CALL       _Delay_1us
;__Lib_Lcd.c,177 :: 		
0x00B3	0x1086      	BCF        LCD_EN, BitPos(LCD_EN+0)
;__Lib_Lcd.c,179 :: 		
0x00B4	0x200A      	CALL       _Delay_5500us
;__Lib_Lcd.c,181 :: 		
0x00B5	0x145D      	BSF        __Lib_Lcd_cmd_status, BitPos(__Lib_Lcd_cmd_status+0)
;__Lib_Lcd.c,182 :: 		
L_end_Lcd_Init:
0x00B6	0x0008      	RETURN
; end of _Lcd_Init
_Lcd_Out:
;__Lib_Lcd.c,184 :: 		
;__Lib_Lcd.c,187 :: 		
0x00B7	0x28C9      	GOTO       L_Lcd_Out11
;__Lib_Lcd.c,188 :: 		
L_Lcd_Out13:
0x00B8	0x3080      	MOVLW      128
0x00B9	0x1283      	BCF        STATUS, 5
0x00BA	0x1303      	BCF        STATUS, 6
0x00BB	0x00DE      	MOVWF      FARG_Lcd_Out_row
0x00BC	0x28DC      	GOTO       L_Lcd_Out12
;__Lib_Lcd.c,189 :: 		
L_Lcd_Out14:
0x00BD	0x30C0      	MOVLW      192
0x00BE	0x00DE      	MOVWF      FARG_Lcd_Out_row
0x00BF	0x28DC      	GOTO       L_Lcd_Out12
;__Lib_Lcd.c,190 :: 		
L_Lcd_Out15:
0x00C0	0x3094      	MOVLW      148
0x00C1	0x00DE      	MOVWF      FARG_Lcd_Out_row
0x00C2	0x28DC      	GOTO       L_Lcd_Out12
;__Lib_Lcd.c,191 :: 		
L_Lcd_Out16:
0x00C3	0x30D4      	MOVLW      212
0x00C4	0x00DE      	MOVWF      FARG_Lcd_Out_row
0x00C5	0x28DC      	GOTO       L_Lcd_Out12
;__Lib_Lcd.c,192 :: 		
L_Lcd_Out17:
0x00C6	0x3080      	MOVLW      128
0x00C7	0x00DE      	MOVWF      FARG_Lcd_Out_row
;__Lib_Lcd.c,193 :: 		
0x00C8	0x28DC      	GOTO       L_Lcd_Out12
L_Lcd_Out11:
0x00C9	0x1283      	BCF        STATUS, 5
0x00CA	0x1303      	BCF        STATUS, 6
0x00CB	0x085E      	MOVF       FARG_Lcd_Out_row, 0
0x00CC	0x3A01      	XORLW      1
0x00CD	0x1903      	BTFSC      STATUS, 2
0x00CE	0x28B8      	GOTO       L_Lcd_Out13
0x00CF	0x085E      	MOVF       FARG_Lcd_Out_row, 0
0x00D0	0x3A02      	XORLW      2
0x00D1	0x1903      	BTFSC      STATUS, 2
0x00D2	0x28BD      	GOTO       L_Lcd_Out14
0x00D3	0x085E      	MOVF       FARG_Lcd_Out_row, 0
0x00D4	0x3A03      	XORLW      3
0x00D5	0x1903      	BTFSC      STATUS, 2
0x00D6	0x28C0      	GOTO       L_Lcd_Out15
0x00D7	0x085E      	MOVF       FARG_Lcd_Out_row, 0
0x00D8	0x3A04      	XORLW      4
0x00D9	0x1903      	BTFSC      STATUS, 2
0x00DA	0x28C3      	GOTO       L_Lcd_Out16
0x00DB	0x28C6      	GOTO       L_Lcd_Out17
L_Lcd_Out12:
;__Lib_Lcd.c,194 :: 		
0x00DC	0x035F      	DECF       FARG_Lcd_Out_column, 0
0x00DD	0x00F0      	MOVWF      R0
0x00DE	0x085E      	MOVF       FARG_Lcd_Out_row, 0
0x00DF	0x07F0      	ADDWF      R0, 1
0x00E0	0x0870      	MOVF       R0, 0
0x00E1	0x00DE      	MOVWF      FARG_Lcd_Out_row
;__Lib_Lcd.c,196 :: 		
0x00E2	0x0870      	MOVF       R0, 0
0x00E3	0x00E3      	MOVWF      FARG_Lcd_Cmd_out_char
0x00E4	0x201A      	CALL       _Lcd_Cmd
;__Lib_Lcd.c,197 :: 		
0x00E5	0x105D      	BCF        __Lib_Lcd_cmd_status, BitPos(__Lib_Lcd_cmd_status+0)
;__Lib_Lcd.c,198 :: 		
0x00E6	0x01E1      	CLRF       Lcd_Out_i_L0
;__Lib_Lcd.c,199 :: 		
L_Lcd_Out18:
0x00E7	0x0861      	MOVF       Lcd_Out_i_L0, 0
0x00E8	0x0760      	ADDWF      FARG_Lcd_Out_text, 0
0x00E9	0x0084      	MOVWF      FSR
0x00EA	0x0800      	MOVF       INDF, 0
0x00EB	0x1903      	BTFSC      STATUS, 2
0x00EC	0x28F5      	GOTO       L_Lcd_Out19
;__Lib_Lcd.c,200 :: 		
0x00ED	0x0861      	MOVF       Lcd_Out_i_L0, 0
0x00EE	0x0760      	ADDWF      FARG_Lcd_Out_text, 0
0x00EF	0x0084      	MOVWF      FSR
0x00F0	0x0800      	MOVF       INDF, 0
0x00F1	0x00E2      	MOVWF      FARG_Lcd_Chr_CP_out_char
0x00F2	0x2061      	CALL       _Lcd_Chr_CP
0x00F3	0x0AE1      	INCF       Lcd_Out_i_L0, 1
0x00F4	0x28E7      	GOTO       L_Lcd_Out18
L_Lcd_Out19:
;__Lib_Lcd.c,201 :: 		
0x00F5	0x145D      	BSF        __Lib_Lcd_cmd_status, BitPos(__Lib_Lcd_cmd_status+0)
;__Lib_Lcd.c,202 :: 		
L_end_Lcd_Out:
0x00F6	0x0008      	RETURN
; end of _Lcd_Out
___CC2DW:
;__Lib_System.c,134 :: 		
;__Lib_System.c,137 :: 		
_CC2D_Loop1:
;__Lib_System.c,139 :: 		
0x00F7	0x205A      	CALL       _____DoICP
0x00F8	0x118A      	BCF        PCLATH, 3
0x00F9	0x120A      	BCF        PCLATH, 4
;__Lib_System.c,141 :: 		
0x00FA	0x0080      	MOVWF      INDF
;__Lib_System.c,142 :: 		
0x00FB	0x0A84      	INCF       FSR, 1
;__Lib_System.c,143 :: 		
0x00FC	0x0ADB      	INCF       ___DoICPAddr, 1
;__Lib_System.c,145 :: 		
0x00FD	0x1903      	BTFSC      STATUS, 2
;__Lib_System.c,146 :: 		
0x00FE	0x0ADC      	INCF       ___DoICPAddr+1, 1
;__Lib_System.c,147 :: 		
0x00FF	0x03F0      	DECF       R0, 1
;__Lib_System.c,149 :: 		
0x0100	0x1D03      	BTFSS      STATUS, 2
;__Lib_System.c,150 :: 		
0x0101	0x28F7      	GOTO       _CC2D_Loop1
;__Lib_System.c,152 :: 		
L_end___CC2DW:
0x0102	0x0008      	RETURN
; end of ___CC2DW
_main:
0x0103	0x21B2      	CALL       434
;project_display.c,26 :: 		void main(){
;project_display.c,28 :: 		Lcd_Init();
0x0104	0x2069      	CALL       _Lcd_Init
;project_display.c,29 :: 		Lcd_Cmd(_LCD_CLEAR);
0x0105	0x3001      	MOVLW      1
0x0106	0x00E3      	MOVWF      FARG_Lcd_Cmd_out_char
0x0107	0x201A      	CALL       _Lcd_Cmd
;project_display.c,30 :: 		Lcd_Cmd(_LCD_CURSOR_OFF);
0x0108	0x300C      	MOVLW      12
0x0109	0x00E3      	MOVWF      FARG_Lcd_Cmd_out_char
0x010A	0x201A      	CALL       _Lcd_Cmd
;project_display.c,33 :: 		TRISC = 0x00;
0x010B	0x1683      	BSF        STATUS, 5
0x010C	0x0187      	CLRF       TRISC
;project_display.c,34 :: 		PORTC.F0 = 1;
0x010D	0x1283      	BCF        STATUS, 5
0x010E	0x1407      	BSF        PORTC, 0
;project_display.c,35 :: 		PORTC.F1 = 0;
0x010F	0x1087      	BCF        PORTC, 1
;project_display.c,36 :: 		PORTC.F2 = 0;
0x0110	0x1107      	BCF        PORTC, 2
;project_display.c,37 :: 		delay_ms(400);
0x0111	0x3005      	MOVLW      5
0x0112	0x00FB      	MOVWF      R11
0x0113	0x300F      	MOVLW      15
0x0114	0x00FC      	MOVWF      R12
0x0115	0x30F1      	MOVLW      241
0x0116	0x00FD      	MOVWF      R13
L_main0:
0x0117	0x0BFD      	DECFSZ     R13, 1
0x0118	0x2917      	GOTO       L_main0
0x0119	0x0BFC      	DECFSZ     R12, 1
0x011A	0x2917      	GOTO       L_main0
0x011B	0x0BFB      	DECFSZ     R11, 1
0x011C	0x2917      	GOTO       L_main0
;project_display.c,39 :: 		TRISD = 0xFF;
0x011D	0x30FF      	MOVLW      255
0x011E	0x1683      	BSF        STATUS, 5
0x011F	0x0088      	MOVWF      TRISD
;project_display.c,40 :: 		PORTD.F0 = 0;
0x0120	0x1283      	BCF        STATUS, 5
0x0121	0x1008      	BCF        PORTD, 0
;project_display.c,41 :: 		PORTD.F1 = 0;
0x0122	0x1088      	BCF        PORTD, 1
;project_display.c,42 :: 		PORTD.F2 = 0;
0x0123	0x1108      	BCF        PORTD, 2
;project_display.c,45 :: 		while(1) {                         // Endless loop
L_main1:
;project_display.c,47 :: 		if(portd.f0 == 1)
0x0124	0x1C08      	BTFSS      PORTD, 0
0x0125	0x293E      	GOTO       L_main3
;project_display.c,49 :: 		Lcd_Cmd(_LCD_CLEAR);
0x0126	0x3001      	MOVLW      1
0x0127	0x00E3      	MOVWF      FARG_Lcd_Cmd_out_char
0x0128	0x201A      	CALL       _Lcd_Cmd
;project_display.c,50 :: 		Lcd_Cmd(_LCD_CURSOR_OFF);
0x0129	0x300C      	MOVLW      12
0x012A	0x00E3      	MOVWF      FARG_Lcd_Cmd_out_char
0x012B	0x201A      	CALL       _Lcd_Cmd
;project_display.c,51 :: 		PORTC.F0 = 1;
0x012C	0x1407      	BSF        PORTC, 0
;project_display.c,52 :: 		PORTC.F1 = 0;
0x012D	0x1087      	BCF        PORTC, 1
;project_display.c,53 :: 		PORTC.F2 = 1;
0x012E	0x1507      	BSF        PORTC, 2
;project_display.c,54 :: 		Lcd_Out(1,4,txt1);
0x012F	0x3001      	MOVLW      1
0x0130	0x00DE      	MOVWF      FARG_Lcd_Out_row
0x0131	0x3004      	MOVLW      4
0x0132	0x00DF      	MOVWF      FARG_Lcd_Out_column
0x0133	0x304A      	MOVLW      _txt1
0x0134	0x00E0      	MOVWF      FARG_Lcd_Out_text
0x0135	0x20B7      	CALL       _Lcd_Out
;project_display.c,55 :: 		Lcd_Out(2,4,txt2);
0x0136	0x3002      	MOVLW      2
0x0137	0x00DE      	MOVWF      FARG_Lcd_Out_row
0x0138	0x3004      	MOVLW      4
0x0139	0x00DF      	MOVWF      FARG_Lcd_Out_column
0x013A	0x3029      	MOVLW      _txt2
0x013B	0x00E0      	MOVWF      FARG_Lcd_Out_text
0x013C	0x20B7      	CALL       _Lcd_Out
;project_display.c,56 :: 		}
0x013D	0x296F      	GOTO       L_main4
L_main3:
;project_display.c,58 :: 		else if(portd.f1 == 1)
0x013E	0x1C88      	BTFSS      PORTD, 1
0x013F	0x2958      	GOTO       L_main5
;project_display.c,59 :: 		{   Lcd_Cmd(_LCD_CLEAR);
0x0140	0x3001      	MOVLW      1
0x0141	0x00E3      	MOVWF      FARG_Lcd_Cmd_out_char
0x0142	0x201A      	CALL       _Lcd_Cmd
;project_display.c,60 :: 		Lcd_Cmd(_LCD_CURSOR_OFF);
0x0143	0x300C      	MOVLW      12
0x0144	0x00E3      	MOVWF      FARG_Lcd_Cmd_out_char
0x0145	0x201A      	CALL       _Lcd_Cmd
;project_display.c,61 :: 		PORTC.F0 = 0;
0x0146	0x1007      	BCF        PORTC, 0
;project_display.c,62 :: 		PORTC.F1 = 1;
0x0147	0x1487      	BSF        PORTC, 1
;project_display.c,63 :: 		PORTC.F2 = 1;
0x0148	0x1507      	BSF        PORTC, 2
;project_display.c,64 :: 		Lcd_Out(1,4,txt3);
0x0149	0x3001      	MOVLW      1
0x014A	0x00DE      	MOVWF      FARG_Lcd_Out_row
0x014B	0x3004      	MOVLW      4
0x014C	0x00DF      	MOVWF      FARG_Lcd_Out_column
0x014D	0x3020      	MOVLW      _txt3
0x014E	0x00E0      	MOVWF      FARG_Lcd_Out_text
0x014F	0x20B7      	CALL       _Lcd_Out
;project_display.c,65 :: 		Lcd_Out(2,4,txt4);
0x0150	0x3002      	MOVLW      2
0x0151	0x00DE      	MOVWF      FARG_Lcd_Out_row
0x0152	0x3004      	MOVLW      4
0x0153	0x00DF      	MOVWF      FARG_Lcd_Out_column
0x0154	0x3040      	MOVLW      _txt4
0x0155	0x00E0      	MOVWF      FARG_Lcd_Out_text
0x0156	0x20B7      	CALL       _Lcd_Out
;project_display.c,66 :: 		}
0x0157	0x296F      	GOTO       L_main6
L_main5:
;project_display.c,68 :: 		else if(portd.f2 == 1)
0x0158	0x1D08      	BTFSS      PORTD, 2
0x0159	0x296F      	GOTO       L_main7
;project_display.c,70 :: 		Lcd_Cmd(_LCD_CLEAR);
0x015A	0x3001      	MOVLW      1
0x015B	0x00E3      	MOVWF      FARG_Lcd_Cmd_out_char
0x015C	0x201A      	CALL       _Lcd_Cmd
;project_display.c,71 :: 		Lcd_Cmd(_LCD_CURSOR_OFF);
0x015D	0x300C      	MOVLW      12
0x015E	0x00E3      	MOVWF      FARG_Lcd_Cmd_out_char
0x015F	0x201A      	CALL       _Lcd_Cmd
;project_display.c,72 :: 		PORTC.F2 = 0;
0x0160	0x1107      	BCF        PORTC, 2
;project_display.c,73 :: 		Lcd_Out(1,4,txt5);
0x0161	0x3001      	MOVLW      1
0x0162	0x00DE      	MOVWF      FARG_Lcd_Out_row
0x0163	0x3004      	MOVLW      4
0x0164	0x00DF      	MOVWF      FARG_Lcd_Out_column
0x0165	0x3037      	MOVLW      _txt5
0x0166	0x00E0      	MOVWF      FARG_Lcd_Out_text
0x0167	0x20B7      	CALL       _Lcd_Out
;project_display.c,74 :: 		Lcd_Out(2,4,txt6);
0x0168	0x3002      	MOVLW      2
0x0169	0x00DE      	MOVWF      FARG_Lcd_Out_row
0x016A	0x3004      	MOVLW      4
0x016B	0x00DF      	MOVWF      FARG_Lcd_Out_column
0x016C	0x3053      	MOVLW      _txt6
0x016D	0x00E0      	MOVWF      FARG_Lcd_Out_text
0x016E	0x20B7      	CALL       _Lcd_Out
;project_display.c,75 :: 		}
L_main7:
L_main6:
L_main4:
;project_display.c,77 :: 		}
0x016F	0x2924      	GOTO       L_main1
;project_display.c,78 :: 		}
L_end_main:
0x0170	0x2970      	GOTO       $+0
; end of _main
0x01B2	0x3020      	MOVLW      32
0x01B3	0x0084      	MOVWF      FSR
0x01B4	0x303B      	MOVLW      59
0x01B5	0x1283      	BCF        STATUS, 5
0x01B6	0x1303      	BCF        STATUS, 6
0x01B7	0x00F0      	MOVWF      R0
0x01B8	0x3076      	MOVLW      118
0x01B9	0x00DB      	MOVWF      ___DoICPAddr
0x01BA	0x3001      	MOVLW      1
0x01BB	0x00DC      	MOVWF      92
0x01BC	0x20F7      	CALL       247
0x01BD	0x0008      	RETURN
;project_display.c,0 :: ?ICS_txt3
0x0176	0x3462 ;?ICS_txt3+0
0x0177	0x3475 ;?ICS_txt3+1
0x0178	0x3474 ;?ICS_txt3+2
0x0179	0x3474 ;?ICS_txt3+3
0x017A	0x346F ;?ICS_txt3+4
0x017B	0x346E ;?ICS_txt3+5
0x017C	0x3420 ;?ICS_txt3+6
0x017D	0x3432 ;?ICS_txt3+7
0x017E	0x3400 ;?ICS_txt3+8
; end of ?ICS_txt3
;project_display.c,0 :: ?ICS_txt2
0x017F	0x344D ;?ICS_txt2+0
0x0180	0x346F ;?ICS_txt2+1
0x0181	0x3474 ;?ICS_txt2+2
0x0182	0x346F ;?ICS_txt2+3
0x0183	0x3472 ;?ICS_txt2+4
0x0184	0x3420 ;?ICS_txt2+5
0x0185	0x3446 ;?ICS_txt2+6
0x0186	0x346F ;?ICS_txt2+7
0x0187	0x3472 ;?ICS_txt2+8
0x0188	0x3477 ;?ICS_txt2+9
0x0189	0x3461 ;?ICS_txt2+10
0x018A	0x3472 ;?ICS_txt2+11
0x018B	0x3464 ;?ICS_txt2+12
0x018C	0x3400 ;?ICS_txt2+13
; end of ?ICS_txt2
;project_display.c,0 :: ?ICS_txt5
0x018D	0x3462 ;?ICS_txt5+0
0x018E	0x3475 ;?ICS_txt5+1
0x018F	0x3474 ;?ICS_txt5+2
0x0190	0x3474 ;?ICS_txt5+3
0x0191	0x346F ;?ICS_txt5+4
0x0192	0x346E ;?ICS_txt5+5
0x0193	0x3420 ;?ICS_txt5+6
0x0194	0x3433 ;?ICS_txt5+7
0x0195	0x3400 ;?ICS_txt5+8
; end of ?ICS_txt5
;project_display.c,0 :: ?ICS_txt4
0x0196	0x346D ;?ICS_txt4+0
0x0197	0x3474 ;?ICS_txt4+1
0x0198	0x346F ;?ICS_txt4+2
0x0199	0x3472 ;?ICS_txt4+3
0x019A	0x3420 ;?ICS_txt4+4
0x019B	0x3462 ;?ICS_txt4+5
0x019C	0x3461 ;?ICS_txt4+6
0x019D	0x3463 ;?ICS_txt4+7
0x019E	0x346B ;?ICS_txt4+8
0x019F	0x3400 ;?ICS_txt4+9
; end of ?ICS_txt4
;project_display.c,0 :: ?ICS_txt1
0x01A0	0x3442 ;?ICS_txt1+0
0x01A1	0x3475 ;?ICS_txt1+1
0x01A2	0x3474 ;?ICS_txt1+2
0x01A3	0x3474 ;?ICS_txt1+3
0x01A4	0x346F ;?ICS_txt1+4
0x01A5	0x346E ;?ICS_txt1+5
0x01A6	0x3420 ;?ICS_txt1+6
0x01A7	0x3431 ;?ICS_txt1+7
0x01A8	0x3400 ;?ICS_txt1+8
; end of ?ICS_txt1
;project_display.c,0 :: ?ICS_txt6
0x01A9	0x3473 ;?ICS_txt6+0
0x01AA	0x3474 ;?ICS_txt6+1
0x01AB	0x346F ;?ICS_txt6+2
0x01AC	0x3470 ;?ICS_txt6+3
0x01AD	0x3470 ;?ICS_txt6+4
0x01AE	0x3465 ;?ICS_txt6+5
0x01AF	0x3464 ;?ICS_txt6+6
0x01B0	0x3400 ;?ICS_txt6+7
; end of ?ICS_txt6
Symbol List:
//** Routines locations **
//ADDRESS    SIZE    PROCEDURE
//----------------------------------------------
0x0003       [7]    _Delay_50us
0x000A      [13]    _Delay_5500us
0x0017       [3]    _Delay_1us
0x001A      [64]    _Lcd_Cmd
0x005A       [7]    _____DoICP
0x0061       [8]    _Lcd_Chr_CP
0x0069      [78]    _Lcd_Init
0x00B7      [64]    _Lcd_Out
0x00F7      [12]    ___CC2DW
0x0103     [109]    _main
//** Variables locations ** 
//ADDRESS    SIZE    VARIABLE
//----------------------------------------------
0x0000       [1]    INDF
0x0002       [1]    PCL
0x0003       [1]    STATUS
0x0004       [1]    FSR
0x0006       [0]    RB0_bit
0x0006       [0]    RB5_bit
0x0006       [0]    RB1_bit
0x0006       [0]    RB2_bit
0x0006       [0]    RB4_bit
0x0006       [0]    RB3_bit
0x0006       [0]    LCD_D4
0x0006       [0]    LCD_D5
0x0006       [0]    LCD_RS
0x0006       [0]    LCD_EN
0x0006       [0]    LCD_D6
0x0006       [0]    LCD_D7
0x0007       [1]    PORTC
0x0008       [1]    PORTD
0x000A       [1]    PCLATH
0x0020       [9]    _txt3
0x0029      [14]    _txt2
0x0037       [9]    _txt5
0x0040      [10]    _txt4
0x004A       [9]    _txt1
0x0053       [8]    _txt6
0x005B       [2]    ___DoICPAddr
0x005D       [0]    __Lib_Lcd_cmd_status
0x005E       [1]    FARG_Lcd_Out_row
0x005F       [1]    FARG_Lcd_Out_column
0x0060       [1]    FARG_Lcd_Out_text
0x0061       [1]    Lcd_Out_i_L0
0x0062       [1]    FARG_Lcd_Chr_CP_out_char
0x0063       [1]    FARG_Lcd_Cmd_out_char
0x0070       [1]    R0
0x0071       [1]    R1
0x0072       [1]    R2
0x0073       [1]    R3
0x0074       [1]    R4
0x0075       [1]    R5
0x0076       [1]    R6
0x0077       [1]    R7
0x0078       [1]    R8
0x0079       [1]    R9
0x007A       [1]    R10
0x007B       [1]    R11
0x007C       [1]    R12
0x007D       [1]    R13
0x007E       [1]    R14
0x007F       [1]    R15
0x0086       [0]    TRISB5_bit
0x0086       [0]    TRISB4_bit
0x0086       [0]    TRISB1_bit
0x0086       [0]    TRISB0_bit
0x0086       [0]    TRISB3_bit
0x0086       [0]    TRISB2_bit
0x0086       [0]    LCD_EN_Direction
0x0086       [0]    LCD_RS_Direction
0x0086       [0]    LCD_D4_Direction
0x0086       [0]    LCD_D7_Direction
0x0086       [0]    LCD_D6_Direction
0x0086       [0]    LCD_D5_Direction
0x0087       [1]    TRISC
0x0088       [1]    TRISD
//** Constants locations ** 
//ADDRESS    SIZE    CONSTANT
//----------------------------------------------
0x0176       [9]    ?ICS_txt3
0x017F      [14]    ?ICS_txt2
0x018D       [9]    ?ICS_txt5
0x0196      [10]    ?ICS_txt4
0x01A0       [9]    ?ICS_txt1
0x01A9       [8]    ?ICS_txt6
